<!DOCTYPE HTML PUBLIC "-//W3C//DTD HTML 4.01 Transitional//EN"
"http://www.w3.org/TR/html4/transitional.dtd">
<html><head><title>RUNIT TEST PROTOCOL--Mon Feb 21 13:51:08 2011</title>
</head>
<body><h1 TRUE>RUNIT TEST PROTOCOL--Mon Feb 21 13:51:08 2011</h1>
<p>Number of test functions: 67</p>
<p style=color:black>Number of deactivated test functions: 1</p>
<p>Number of errors: 0</p>
<p style=color:red>Number of failures: 2</p>
<hr>
<h3 TRUE>1 Test suite</h3>
<table border="1" width="80%" >
<tr><th width="20%">Name</th>
<th width="20%">Test functions</th>
<th width="20%">Deactivated</th>
<th width="20%">Errors</th>
<th width="20%">Failures</th>
</tr>
<tr><td><a href="#Test Suite for Package RecordLinkage">Test Suite for Package RecordLinkage</a></td>
<td>67</td>
<td bgcolor="yellow">1</td>
<td>0</td>
<td bgcolor="red">2</td>
</tr>
</table>
<hr>
<h3 TRUE>Failures</h3>
<table border="1" width="100%" >
<tr><th width="30%">Test suite : test function</th>
<th width="70%">message</th>
</tr>
<tr><td><a href="#Test Suite for Package RecordLinkage_._runit.compare.r_test.compare.dedup.exceptions">Test Suite for Package RecordLinkage : test.compare.dedup.exceptions</a></td>
<td>Error in checkException(compare.dedup(data1, exclude = "fname_c1")) : 
  Error not generated as expected

</td>
</tr>
<tr><td><a href="#Test Suite for Package RecordLinkage_._runit.getPairs-methods.r_test.getPairs.RLResult">Test Suite for Package RecordLinkage : test.getPairs.RLResult</a></td>
<td>Error in checkEquals(as.matrix(testResult), as.matrix(reqResult), msg = " all pairs on single rows") : 
  Attributes: < Component 1: Mean relative difference: 0.7407407 >
Attributes: < Component 2: Component 1: target is NULL, current is character >
Attributes: < Component 2: Component 2: 9 string mismatches >
Lengths (162, 102) differ (string compare on first 102)
'is.NA' value mismatch: 21 in current 18 in target all pairs on single rows
</td>
</tr>
</table>
<hr>
<h3 TRUE>Deactivated</h3>
<table border="1" width="100%" >
<tr><th width="30%">Test suite : test function</th>
<th width="70%">message</th>
</tr>
<tr><td><a href="#Test Suite for Package RecordLinkage_._runit.genSamples.r_test.genSamples">Test Suite for Package RecordLinkage : test.genSamples</a></td>
<td>Only delegates calls, no testing.
</td>
</tr>
</table>
<hr>
<h3 TRUE>Details</h3>
<p><a name="Test Suite for Package RecordLinkage"><h5 TRUE>Test Suite: Test Suite for Package RecordLinkage</h5>
</a>Test function regexp: ^test.+<br/>Test file regexp: ^runit.+\.[rR]$<br/>Involved directory:<br/>.<br/><ul><li><a href="./runit.classify.r">Test file: runit.classify.r</a><ul><li><a name="Test Suite for Package RecordLinkage_._runit.classify.r_test.classifySupv">test.classifySupv: (45 checks) ... OK (69.23 seconds)<br/></a></li><li><a name="Test Suite for Package RecordLinkage_._runit.classify.r_test.classifySupv.exceptions">test.classifySupv.exceptions: (8 checks) ... OK (4.75 seconds)<br/></a></li><li><a name="Test Suite for Package RecordLinkage_._runit.classify.r_test.classifyUnsup">test.classifyUnsup: (7 checks) ... OK (7.83 seconds)<br/></a></li><li><a name="Test Suite for Package RecordLinkage_._runit.classify.r_test.classifyUnsup.exceptions">test.classifyUnsup.exceptions: (6 checks) ... OK (1.03 seconds)<br/></a></li><li><a name="Test Suite for Package RecordLinkage_._runit.classify.r_test.trainSupv">test.trainSupv: (26 checks) ... OK (46.48 seconds)<br/></a></li><li><a name="Test Suite for Package RecordLinkage_._runit.classify.r_test.trainSupv.exceptions">test.trainSupv.exceptions: (21 checks) ... OK (20.43 seconds)<br/></a></li></ul></li><li><a href="./runit.compare.r">Test file: runit.compare.r</a><ul><li><a name="Test Suite for Package RecordLinkage_._runit.compare.r_test.compare.dedup">test.compare.dedup: (36 checks) ... OK (0.31 seconds)<br/></a></li><li><a name="Test Suite for Package RecordLinkage_._runit.compare.r_test.compare.dedup.exceptions"><u style=color:red>test.compare.dedup.exceptions: FAILURE !! (check number 21)  </u></a>Error in checkException(compare.dedup(data1, exclude = "fname_c1")) : 
  Error not generated as expected

<br/></li><li><a name="Test Suite for Package RecordLinkage_._runit.compare.r_test.compare.linkage">test.compare.linkage: (39 checks) ... OK (0.75 seconds)<br/></a></li><li><a name="Test Suite for Package RecordLinkage_._runit.compare.r_test.compare.linkage.exceptions">test.compare.linkage.exceptions: (41 checks) ... OK (0.18 seconds)<br/></a></li></ul></li><li><a href="./runit.em.r">Test file: runit.em.r</a><ul><li><a name="Test Suite for Package RecordLinkage_._runit.em.r_test.emClassify">test.emClassify: (12 checks) ... OK (128.66 seconds)<br/></a></li><li><a name="Test Suite for Package RecordLinkage_._runit.em.r_test.emClassify.exceptions">test.emClassify.exceptions: (18 checks) ... OK (0.03 seconds)<br/></a></li><li><a name="Test Suite for Package RecordLinkage_._runit.em.r_test.emClassify.RLBigData">test.emClassify.RLBigData: (14 checks) ... OK (1.16 seconds)<br/></a></li><li><a name="Test Suite for Package RecordLinkage_._runit.em.r_test.emWeights">test.emWeights: (11 checks) ... OK (186.34 seconds)<br/></a></li><li><a name="Test Suite for Package RecordLinkage_._runit.em.r_test.emWeights.exceptions">test.emWeights.exceptions: (5 checks) ... OK (0.11 seconds)<br/></a></li><li><a name="Test Suite for Package RecordLinkage_._runit.em.r_test.emWeights.RLBigData">test.emWeights.RLBigData: (1 checks) ... OK (3.39 seconds)<br/></a></li><li><a name="Test Suite for Package RecordLinkage_._runit.em.r_test.optimalThreshold">test.optimalThreshold: (4 checks) ... OK (0.21 seconds)<br/></a></li><li><a name="Test Suite for Package RecordLinkage_._runit.em.r_test.optimalThreshold.exceptions">test.optimalThreshold.exceptions: (12 checks) ... OK (0.02 seconds)<br/></a></li></ul></li><li><a href="./runit.epilink.r">Test file: runit.epilink.r</a><ul><li><a name="Test Suite for Package RecordLinkage_._runit.epilink.r_test.epiClassify">test.epiClassify: (8 checks) ... OK (0.1 seconds)<br/></a></li><li><a name="Test Suite for Package RecordLinkage_._runit.epilink.r_test.epiClassify.exceptions">test.epiClassify.exceptions: (10 checks) ... OK (0.02 seconds)<br/></a></li><li><a name="Test Suite for Package RecordLinkage_._runit.epilink.r_test.epiWeights">test.epiWeights: (5 checks) ... OK (1.06 seconds)<br/></a></li><li><a name="Test Suite for Package RecordLinkage_._runit.epilink.r_test.epiWeights.exceptions">test.epiWeights.exceptions: (20 checks) ... OK (0.12 seconds)<br/></a></li><li><a name="Test Suite for Package RecordLinkage_._runit.epilink.r_test.epiWeights.RLBigDataDedup">test.epiWeights.RLBigDataDedup: (2 checks) ... OK (0.96 seconds)<br/></a></li></ul></li><li><a href="./runit.evt.r">Test file: runit.evt.r</a><ul><li><a name="Test Suite for Package RecordLinkage_._runit.evt.r_test.getParetoThreshold">test.getParetoThreshold: (10 checks) ... OK (0.91 seconds)<br/></a></li><li><a name="Test Suite for Package RecordLinkage_._runit.evt.r_test.getParetoThreshold.exceptions">test.getParetoThreshold.exceptions: (15 checks) ... OK (0.25 seconds)<br/></a></li><li><a name="Test Suite for Package RecordLinkage_._runit.evt.r_test.gpdEst">test.gpdEst: (105 checks) ... OK (2.45 seconds)<br/></a></li><li><a name="Test Suite for Package RecordLinkage_._runit.evt.r_test.mrl">test.mrl: (2 checks) ... OK (0 seconds)<br/></a></li></ul></li><li><a href="./runit.genSamples.r">Test file: runit.genSamples.r</a><ul><li><a name="Test Suite for Package RecordLinkage_._runit.genSamples.r_test.genSamples"><u style=color:black>test.genSamples: DEACTIVATED, </a>Only delegates calls, no testing.
<br/></li><li><a name="Test Suite for Package RecordLinkage_._runit.genSamples.r_test.genSamples.exceptions">test.genSamples.exceptions: (9 checks) ... OK (2.39 seconds)<br/></a></li><li><a name="Test Suite for Package RecordLinkage_._runit.genSamples.r_test.getMinimalTrain">test.getMinimalTrain: (35 checks) ... OK (4.05 seconds)<br/></a></li><li><a name="Test Suite for Package RecordLinkage_._runit.genSamples.r_test.getMinimalTrain.exceptions">test.getMinimalTrain.exceptions: (6 checks) ... OK (0.01 seconds)<br/></a></li><li><a name="Test Suite for Package RecordLinkage_._runit.genSamples.r_test.splitData">test.splitData: (25 checks) ... OK (0.16 seconds)<br/></a></li><li><a name="Test Suite for Package RecordLinkage_._runit.genSamples.r_test.splitData.exceptions">test.splitData.exceptions: (19 checks) ... OK (0.11 seconds)<br/></a></li></ul></li><li><a href="./runit.getErrorMeasures.r">Test file: runit.getErrorMeasures.r</a><ul><li><a name="Test Suite for Package RecordLinkage_._runit.getErrorMeasures.r_test.getErrorMeasures.RecLinkResult">test.getErrorMeasures.RecLinkResult: (8 checks) ... OK (0.02 seconds)<br/></a></li></ul></li><li><a href="./runit.getPairs-methods.r">Test file: runit.getPairs-methods.r</a><ul><li><a name="Test Suite for Package RecordLinkage_._runit.getPairs-methods.r_test.getPairs.RLBigDataDedup">test.getPairs.RLBigDataDedup: (37 checks) ... OK (0.64 seconds)<br/></a></li><li><a name="Test Suite for Package RecordLinkage_._runit.getPairs-methods.r_test.getPairs.RLBigDataDedup.exceptions">test.getPairs.RLBigDataDedup.exceptions: (4 checks) ... OK (0.05 seconds)<br/></a></li><li><a name="Test Suite for Package RecordLinkage_._runit.getPairs-methods.r_test.getPairs.RLResult"><u style=color:red>test.getPairs.RLResult: FAILURE !! (check number 1)  </u></a>Error in checkEquals(as.matrix(testResult), as.matrix(reqResult), msg = " all pairs on single rows") : 
  Attributes: < Component 1: Mean relative difference: 0.7407407 >
Attributes: < Component 2: Component 1: target is NULL, current is character >
Attributes: < Component 2: Component 2: 9 string mismatches >
Lengths (162, 102) differ (string compare on first 102)
'is.NA' value mismatch: 21 in current 18 in target all pairs on single rows
<br/></li><li><a name="Test Suite for Package RecordLinkage_._runit.getPairs-methods.r_test.getPairs.RLResult.exceptions">test.getPairs.RLResult.exceptions: (0 checks) ... OK (0 seconds)<br/></a></li></ul></li><li><a href="./runit.getPairs.r">Test file: runit.getPairs.r</a><ul><li><a name="Test Suite for Package RecordLinkage_._runit.getPairs.r_test.getPairs">test.getPairs: (200 checks) ... OK (3.06 seconds)<br/></a></li><li><a name="Test Suite for Package RecordLinkage_._runit.getPairs.r_test.getPairs.exceptions">test.getPairs.exceptions: (9 checks) ... OK (0.02 seconds)<br/></a></li></ul></li><li><a href="./runit.getPatternCounts.r">Test file: runit.getPatternCounts.r</a><ul><li><a name="Test Suite for Package RecordLinkage_._runit.getPatternCounts.r_test.getPatternCounts">test.getPatternCounts: (3 checks) ... OK (0.27 seconds)<br/></a></li></ul></li><li><a href="./runit.getTable.r">Test file: runit.getTable.r</a><ul><li><a name="Test Suite for Package RecordLinkage_._runit.getTable.r_test.getTable.RecLinkResult">test.getTable.RecLinkResult: (4 checks) ... OK (0.04 seconds)<br/></a></li><li><a name="Test Suite for Package RecordLinkage_._runit.getTable.r_test.getTable.RLResult">test.getTable.RLResult: (4 checks) ... OK (0.26 seconds)<br/></a></li></ul></li><li><a href="./runit.mygllm.r">Test file: runit.mygllm.r</a><ul><li><a name="Test Suite for Package RecordLinkage_._runit.mygllm.r_test.mygllm">test.mygllm: (1 checks) ... OK (90.59 seconds)<br/></a></li></ul></li><li><a href="./runit.phonetics.r">Test file: runit.phonetics.r</a><ul><li><a name="Test Suite for Package RecordLinkage_._runit.phonetics.r_test.pho_h">test.pho_h: (11 checks) ... OK (0.04 seconds)<br/></a></li><li><a name="Test Suite for Package RecordLinkage_._runit.phonetics.r_test.soundex">test.soundex: (9 checks) ... OK (0.01 seconds)<br/></a></li></ul></li><li><a href="./runit.RLBigDataDedup.r">Test file: runit.RLBigDataDedup.r</a><ul><li><a name="Test Suite for Package RecordLinkage_._runit.RLBigDataDedup.r_test.RLBigDataDedup">test.RLBigDataDedup: (32 checks) ... OK (1.78 seconds)<br/></a></li><li><a name="Test Suite for Package RecordLinkage_._runit.RLBigDataDedup.r_test.RLBigDataDedup.exceptions">test.RLBigDataDedup.exceptions: (36 checks) ... OK (0.05 seconds)<br/></a></li></ul></li><li><a href="./runit.RLBigDataLinkage.r">Test file: runit.RLBigDataLinkage.r</a><ul><li><a name="Test Suite for Package RecordLinkage_._runit.RLBigDataLinkage.r_test.RLBigDataLinkage">test.RLBigDataLinkage: (29 checks) ... OK (1.99 seconds)<br/></a></li><li><a name="Test Suite for Package RecordLinkage_._runit.RLBigDataLinkage.r_test.RLBigDataLinkage.exceptions">test.RLBigDataLinkage.exceptions: (41 checks) ... OK (0.06 seconds)<br/></a></li></ul></li><li><a href="./runit.serialization.r">Test file: runit.serialization.r</a><ul><li><a name="Test Suite for Package RecordLinkage_._runit.serialization.r_test.clone.RLBigDataDedup">test.clone.RLBigDataDedup: (16 checks) ... OK (0.08 seconds)<br/></a></li><li><a name="Test Suite for Package RecordLinkage_._runit.serialization.r_test.clone.RLBigDataLinkage">test.clone.RLBigDataLinkage: (19 checks) ... OK (0.1 seconds)<br/></a></li><li><a name="Test Suite for Package RecordLinkage_._runit.serialization.r_test.loadRLObject.exceptions">test.loadRLObject.exceptions: (1 checks) ... OK (0.01 seconds)<br/></a></li><li><a name="Test Suite for Package RecordLinkage_._runit.serialization.r_test.saveLoad.RLBigDataDedup">test.saveLoad.RLBigDataDedup: (46 checks) ... OK (0.24 seconds)<br/></a></li><li><a name="Test Suite for Package RecordLinkage_._runit.serialization.r_test.saveLoad.RLBigDataLinkage">test.saveLoad.RLBigDataLinkage: (55 checks) ... OK (0.31 seconds)<br/></a></li></ul></li><li><a href="./runit.strcmp.r">Test file: runit.strcmp.r</a><ul><li><a name="Test Suite for Package RecordLinkage_._runit.strcmp.r_test.jarowinkler">test.jarowinkler: (7 checks) ... OK (0.04 seconds)<br/></a></li><li><a name="Test Suite for Package RecordLinkage_._runit.strcmp.r_test.jarowinkler.exceptions">test.jarowinkler.exceptions: (7 checks) ... OK (0.01 seconds)<br/></a></li><li><a name="Test Suite for Package RecordLinkage_._runit.strcmp.r_test.levenshteinDist">test.levenshteinDist: (8 checks) ... OK (0 seconds)<br/></a></li><li><a name="Test Suite for Package RecordLinkage_._runit.strcmp.r_test.levenshteinDist.exceptions">test.levenshteinDist.exceptions: (7 checks) ... OK (0.01 seconds)<br/></a></li><li><a name="Test Suite for Package RecordLinkage_._runit.strcmp.r_test.levenshteinSim">test.levenshteinSim: (9 checks) ... OK (0.04 seconds)<br/></a></li><li><a name="Test Suite for Package RecordLinkage_._runit.strcmp.r_test.levenshteinSim.exceptions">test.levenshteinSim.exceptions: (7 checks) ... OK (0.01 seconds)<br/></a></li></ul></li><li><a href="./runit.summary.r">Test file: runit.summary.r</a><ul><li><a name="Test Suite for Package RecordLinkage_._runit.summary.r_test.summary.RecLinkData">test.summary.RecLinkData: (1 checks) ... OK (0.01 seconds)<br/></a></li><li><a name="Test Suite for Package RecordLinkage_._runit.summary.r_test.summary.RecLinkResult">test.summary.RecLinkResult: (1 checks) ... OK (0.01 seconds)<br/></a></li></ul></li><li><a href="./runit.tools.r">Test file: runit.tools.r</a><ul><li><a name="Test Suite for Package RecordLinkage_._runit.tools.r_test.delete.NULLs">test.delete.NULLs: (4 checks) ... OK (0 seconds)<br/></a></li><li><a name="Test Suite for Package RecordLinkage_._runit.tools.r_test.isFALSE">test.isFALSE: (5 checks) ... OK (0 seconds)<br/></a></li><li><a name="Test Suite for Package RecordLinkage_._runit.tools.r_test.resample">test.resample: (4 checks) ... OK (0 seconds)<br/></a></li><li><a name="Test Suite for Package RecordLinkage_._runit.tools.r_test.subset">test.subset: (11 checks) ... OK (0.21 seconds)<br/></a></li><li><a name="Test Suite for Package RecordLinkage_._runit.tools.r_test.unorderedPairs">test.unorderedPairs: (13 checks) ... OK (0.01 seconds)<br/></a></li></ul></li></ul><hr>
<table border="0" width="80%" >
<tr><th>Name</th>
<th>Value</th>
</tr>
<tr><td>platform</td>
<td>i686-pc-linux-gnu</td>
</tr>
<tr><td>arch</td>
<td>i686</td>
</tr>
<tr><td>os</td>
<td>linux-gnu</td>
</tr>
<tr><td>system</td>
<td>i686, linux-gnu</td>
</tr>
<tr><td>status</td>
<td></td>
</tr>
<tr><td>major</td>
<td>2</td>
</tr>
<tr><td>minor</td>
<td>12.0</td>
</tr>
<tr><td>year</td>
<td>2010</td>
</tr>
<tr><td>month</td>
<td>10</td>
</tr>
<tr><td>day</td>
<td>15</td>
</tr>
<tr><td>svn rev</td>
<td>53317</td>
</tr>
<tr><td>language</td>
<td>R</td>
</tr>
<tr><td>version.string</td>
<td>R version 2.12.0 (2010-10-15)</td>
</tr>
<tr><td>host</td>
<td>merlin</td>
</tr>
<tr><td>compiler</td>
<td>g++</td>
</tr>
</table>
</body>
</html>
